<?xml version="1.0" encoding="UTF-8"?>
<testng-results skipped="0" failed="1" total="3" passed="2">
  <reporter-output>
  </reporter-output>
  <suite name="Suite" duration-ms="22328" started-at="2020-07-14T07:12:28Z" finished-at="2020-07-14T07:12:50Z">
    <groups>
    </groups>
    <test name="Validating user login" duration-ms="5" started-at="2020-07-14T07:12:28Z" finished-at="2020-07-14T07:12:28Z">
    </test> <!-- Validating user login -->
    <test name="Validating Navigation Bar" duration-ms="19340" started-at="2020-07-14T07:12:28Z" finished-at="2020-07-14T07:12:47Z">
      <class name="Academy.validateNavigationBr">
        <test-method status="PASS" signature="initialise()[pri:0, instance:Academy.validateNavigationBr@536f2a7e]" name="initialise" is-config="true" duration-ms="14090" started-at="2020-07-14T12:42:28Z" finished-at="2020-07-14T12:42:42Z">
          <reporter-output>
          </reporter-output>
        </test-method> <!-- initialise -->
        <test-method status="PASS" signature="basePageNavigation()[pri:0, instance:Academy.validateNavigationBr@536f2a7e]" name="basePageNavigation" duration-ms="274" started-at="2020-07-14T12:42:42Z" finished-at="2020-07-14T12:42:42Z">
          <reporter-output>
          </reporter-output>
        </test-method> <!-- basePageNavigation -->
        <test-method status="PASS" signature="tearDown()[pri:0, instance:Academy.validateNavigationBr@536f2a7e]" name="tearDown" is-config="true" duration-ms="4963" started-at="2020-07-14T12:42:42Z" finished-at="2020-07-14T12:42:47Z">
          <reporter-output>
          </reporter-output>
        </test-method> <!-- tearDown -->
      </class> <!-- Academy.validateNavigationBr -->
    </test> <!-- Validating Navigation Bar -->
    <test name="Validated Title in a page" duration-ms="20614" started-at="2020-07-14T07:12:28Z" finished-at="2020-07-14T07:12:48Z">
      <class name="Academy.ValidateTitle">
        <test-method status="PASS" signature="initialise()[pri:0, instance:Academy.ValidateTitle@6d60fe40]" name="initialise" is-config="true" duration-ms="14805" started-at="2020-07-14T12:42:28Z" finished-at="2020-07-14T12:42:42Z">
          <reporter-output>
          </reporter-output>
        </test-method> <!-- initialise -->
        <test-method status="FAIL" signature="basePageNavigation()[pri:0, instance:Academy.ValidateTitle@6d60fe40]" name="basePageNavigation" duration-ms="101" started-at="2020-07-14T12:42:42Z" finished-at="2020-07-14T12:42:43Z">
          <exception class="java.lang.AssertionError">
            <message>
              <![CDATA[expected [FEATURED COURS1ES] but found [FEATURED COURSES]]]>
            </message>
            <full-stacktrace>
              <![CDATA[java.lang.AssertionError: expected [FEATURED COURS1ES] but found [FEATURED COURSES]
	at org.testng.Assert.fail(Assert.java:94)
	at org.testng.Assert.failNotEquals(Assert.java:494)
	at org.testng.Assert.assertEquals(Assert.java:123)
	at org.testng.Assert.assertEquals(Assert.java:176)
	at org.testng.Assert.assertEquals(Assert.java:186)
	at Academy.ValidateTitle.basePageNavigation(ValidateTitle.java:43)
	at sun.reflect.NativeMethodAccessorImpl.invoke0(Native Method)
	at sun.reflect.NativeMethodAccessorImpl.invoke(NativeMethodAccessorImpl.java:62)
	at sun.reflect.DelegatingMethodAccessorImpl.invoke(DelegatingMethodAccessorImpl.java:43)
	at java.lang.reflect.Method.invoke(Method.java:498)
	at org.testng.internal.MethodInvocationHelper.invokeMethod(MethodInvocationHelper.java:80)
	at org.testng.internal.Invoker.invokeMethod(Invoker.java:714)
	at org.testng.internal.Invoker.invokeTestMethod(Invoker.java:901)
	at org.testng.internal.Invoker.invokeTestMethods(Invoker.java:1231)
	at org.testng.internal.TestMethodWorker.invokeTestMethods(TestMethodWorker.java:127)
	at org.testng.internal.TestMethodWorker.run(TestMethodWorker.java:111)
	at org.testng.TestRunner.privateRun(TestRunner.java:767)
	at org.testng.TestRunner.run(TestRunner.java:617)
	at org.testng.SuiteRunner.runTest(SuiteRunner.java:334)
	at org.testng.SuiteRunner.access$000(SuiteRunner.java:37)
	at org.testng.SuiteRunner$SuiteWorker.run(SuiteRunner.java:368)
	at org.testng.internal.thread.ThreadUtil$2.call(ThreadUtil.java:64)
	at java.util.concurrent.FutureTask.run(FutureTask.java:266)
	at java.util.concurrent.ThreadPoolExecutor.runWorker(ThreadPoolExecutor.java:1149)
	at java.util.concurrent.ThreadPoolExecutor$Worker.run(ThreadPoolExecutor.java:624)
	at java.lang.Thread.run(Thread.java:748)
]]>
            </full-stacktrace>
          </exception> <!-- java.lang.AssertionError -->
          <reporter-output>
          </reporter-output>
        </test-method> <!-- basePageNavigation -->
        <test-method status="PASS" signature="tearDown()[pri:0, instance:Academy.ValidateTitle@6d60fe40]" name="tearDown" is-config="true" duration-ms="4817" started-at="2020-07-14T12:42:43Z" finished-at="2020-07-14T12:42:48Z">
          <reporter-output>
          </reporter-output>
        </test-method> <!-- tearDown -->
      </class> <!-- Academy.ValidateTitle -->
    </test> <!-- Validated Title in a page -->
    <test name="opening Homepage" duration-ms="22327" started-at="2020-07-14T07:12:28Z" finished-at="2020-07-14T07:12:50Z">
      <class name="Academy.HomePage">
        <test-method status="PASS" signature="initialise()[pri:0, instance:Academy.HomePage@28dcca0c]" name="initialise" is-config="true" duration-ms="14712" started-at="2020-07-14T12:42:28Z" finished-at="2020-07-14T12:42:42Z">
          <reporter-output>
          </reporter-output>
        </test-method> <!-- initialise -->
        <test-method status="PASS" signature="basePageNavigation()[pri:0, instance:Academy.HomePage@28dcca0c]" name="basePageNavigation" duration-ms="3285" started-at="2020-07-14T12:42:42Z" finished-at="2020-07-14T12:42:46Z">
          <reporter-output>
          </reporter-output>
        </test-method> <!-- basePageNavigation -->
        <test-method status="PASS" signature="tearDown()[pri:0, instance:Academy.HomePage@28dcca0c]" name="tearDown" is-config="true" duration-ms="4327" started-at="2020-07-14T12:42:46Z" finished-at="2020-07-14T12:42:50Z">
          <reporter-output>
          </reporter-output>
        </test-method> <!-- tearDown -->
      </class> <!-- Academy.HomePage -->
    </test> <!-- opening Homepage -->
  </suite> <!-- Suite -->
</testng-results>
